  GameFinder.cpp
C:\Program Files\Microsoft Visual Studio\2022\Community\VC\Tools\MSVC\14.41.34120\include\filesystem(12): warning STL4038: The contents of <filesystem> are available only with C++17 or later.
C:\Users\vlad_\source\repos\GameFinder\GameFinder\GameFinder.cpp(4,9): warning C4005: 'CURL_STATICLIB': macro redefinition
      C:\Users\vlad_\source\repos\GameFinder\GameFinder\GameFinder.cpp(4,9):
      'CURL_STATICLIB' previously declared on the command line
  
C:\Users\vlad_\source\repos\GameFinder\GameFinder\GameFinder.cpp(60,15): warning C4244: 'argument': conversion from 'time_t' to 'unsigned int', possible loss of data
LINK : warning LNK4098: defaultlib 'MSVCRT' conflicts with use of other libs; use /NODEFAULTLIB:library
libcurl_a.lib(telnet.obj) : error LNK2001: unresolved external symbol __imp__GetLastError@0
MSVCRTD.lib(pdblkup.obj) : error LNK2001: unresolved external symbol __imp__GetLastError@0
libcurl_a.lib(strerror.obj) : error LNK2001: unresolved external symbol __imp__GetLastError@0
libcurl_a.lib(asyn-thread.obj) : error LNK2001: unresolved external symbol __imp__GetLastError@0
libcurl_a.lib(connect.obj) : error LNK2001: unresolved external symbol __imp__GetLastError@0
libcurl_a.lib(parsedate.obj) : error LNK2001: unresolved external symbol __imp__GetLastError@0
libcurl_a.lib(inet_ntop.obj) : error LNK2001: unresolved external symbol __imp__SetLastError@4
libcurl_a.lib(strerror.obj) : error LNK2001: unresolved external symbol __imp__SetLastError@4
libcurl_a.lib(asyn-thread.obj) : error LNK2001: unresolved external symbol __imp__SetLastError@4
libcurl_a.lib(parsedate.obj) : error LNK2001: unresolved external symbol __imp__SetLastError@4
libcurl_a.lib(inet_pton.obj) : error LNK2001: unresolved external symbol __imp__SetLastError@4
libcurl_a.lib(strerror.obj) : error LNK2019: unresolved external symbol __imp__FormatMessageA@28 referenced in function _Curl_sspi_strerror
libcurl_a.lib(curl_sspi.obj) : error LNK2019: unresolved external symbol __imp__FreeLibrary@4 referenced in function _Curl_sspi_global_cleanup
libcurl_a.lib(telnet.obj) : error LNK2001: unresolved external symbol __imp__FreeLibrary@4
MSVCRTD.lib(pdblkup.obj) : error LNK2001: unresolved external symbol __imp__FreeLibrary@4
MSVCRTD.lib(pdblkup.obj) : error LNK2019: unresolved external symbol __imp__GetProcAddress@8 referenced in function "int __cdecl GetPdbDllPathFromFilePath(wchar_t const *,wchar_t *,unsigned int)" (?GetPdbDllPathFromFilePath@@YAHPB_WPA_WI@Z)
libcurl_a.lib(curl_sspi.obj) : error LNK2001: unresolved external symbol __imp__GetProcAddress@8
libcurl_a.lib(system_win32.obj) : error LNK2001: unresolved external symbol __imp__GetProcAddress@8
libcurl_a.lib(schannel.obj) : error LNK2001: unresolved external symbol __imp__GetProcAddress@8
libcurl_a.lib(telnet.obj) : error LNK2001: unresolved external symbol __imp__GetProcAddress@8
libcurl_a.lib(timeval.obj) : error LNK2019: unresolved external symbol __imp__GetTickCount64@0 referenced in function _curlx_tvnow
libcurl_a.lib(asyn-thread.obj) : error LNK2019: unresolved external symbol __imp__EnterCriticalSection@4 referenced in function _Curl_resolver_is_resolved
libcurl_a.lib(asyn-thread.obj) : error LNK2019: unresolved external symbol __imp__LeaveCriticalSection@4 referenced in function _Curl_resolver_is_resolved
libcurl_a.lib(asyn-thread.obj) : error LNK2019: unresolved external symbol __imp__InitializeCriticalSectionEx@12 referenced in function _init_thread_sync_data
libcurl_a.lib(asyn-thread.obj) : error LNK2019: unresolved external symbol __imp__DeleteCriticalSection@4 referenced in function _destroy_thread_sync_data
libcurl_a.lib(select.obj) : error LNK2019: unresolved external symbol __imp__Sleep@4 referenced in function _Curl_poll
libcurl_a.lib(connect.obj) : error LNK2019: unresolved external symbol __imp__SleepEx@8 referenced in function _verifyconnect
libcurl_a.lib(system_win32.obj) : error LNK2019: unresolved external symbol __imp__VerSetConditionMask@16 referenced in function _Curl_verify_windows_version
libcurl_a.lib(system_win32.obj) : error LNK2019: unresolved external symbol __imp__GetSystemDirectoryA@8 referenced in function _Curl_load_library
libcurl_a.lib(system_win32.obj) : error LNK2019: unresolved external symbol __imp__GetModuleHandleA@4 referenced in function _Curl_load_library
libcurl_a.lib(schannel.obj) : error LNK2001: unresolved external symbol __imp__GetModuleHandleA@4
libcurl_a.lib(system_win32.obj) : error LNK2019: unresolved external symbol __imp__LoadLibraryA@4 referenced in function _Curl_load_library
libcurl_a.lib(system_win32.obj) : error LNK2019: unresolved external symbol __imp__VerifyVersionInfoA@16 referenced in function _Curl_verify_windows_version
libcurl_a.lib(curl_threads.obj) : error LNK2019: unresolved external symbol __imp__CloseHandle@4 referenced in function _Curl_thread_destroy
libcurl_a.lib(curl_threads.obj) : error LNK2019: unresolved external symbol __imp__WaitForSingleObjectEx@12 referenced in function _Curl_thread_join
libcurl_a.lib(telnet.obj) : error LNK2019: unresolved external symbol __imp__GetStdHandle@4 referenced in function _telnet_do
libcurl_a.lib(telnet.obj) : error LNK2019: unresolved external symbol __imp__GetFileType@4 referenced in function _telnet_do
libcurl_a.lib(telnet.obj) : error LNK2019: unresolved external symbol __imp__ReadFile@20 referenced in function _telnet_do
libcurl_a.lib(telnet.obj) : error LNK2019: unresolved external symbol __imp__PeekNamedPipe@24 referenced in function _telnet_do
libcurl_a.lib(telnet.obj) : error LNK2019: unresolved external symbol __imp__WaitForMultipleObjects@16 referenced in function _telnet_do
libcurl_a.lib(getenv.obj) : error LNK2019: unresolved external symbol __imp__ExpandEnvironmentStringsA@12 referenced in function _GetEnv
libcurl_a.lib(curl_multibyte.obj) : error LNK2019: unresolved external symbol __imp__MultiByteToWideChar@24 referenced in function _Curl_convert_UTF8_to_wchar
MSVCRTD.lib(error.obj) : error LNK2001: unresolved external symbol __imp__MultiByteToWideChar@24
libcurl_a.lib(curl_multibyte.obj) : error LNK2019: unresolved external symbol __imp__WideCharToMultiByte@32 referenced in function _Curl_convert_wchar_to_UTF8
MSVCRTD.lib(error.obj) : error LNK2001: unresolved external symbol __imp__WideCharToMultiByte@32
MSVCRTD.lib(debugger_jmc.obj) : error LNK2019: unresolved external symbol __imp__GetCurrentThreadId@0 referenced in function @__CheckForDebuggerJustMyCode@4
MSVCRTD.lib(gs_support.obj) : error LNK2001: unresolved external symbol __imp__GetCurrentThreadId@0
MSVCRTD.lib(gs_report.obj) : error LNK2019: unresolved external symbol __imp__UnhandledExceptionFilter@4 referenced in function ___raise_securityfailure
MSVCRTD.lib(utility_desktop.obj) : error LNK2001: unresolved external symbol __imp__UnhandledExceptionFilter@4
MSVCRTD.lib(gs_report.obj) : error LNK2019: unresolved external symbol __imp__SetUnhandledExceptionFilter@4 referenced in function ___raise_securityfailure
MSVCRTD.lib(utility_desktop.obj) : error LNK2001: unresolved external symbol __imp__SetUnhandledExceptionFilter@4
MSVCRTD.lib(gs_report.obj) : error LNK2019: unresolved external symbol __imp__GetCurrentProcess@0 referenced in function ___raise_securityfailure
MSVCRTD.lib(gs_report.obj) : error LNK2019: unresolved external symbol __imp__TerminateProcess@8 referenced in function ___raise_securityfailure
MSVCRTD.lib(gs_report.obj) : error LNK2019: unresolved external symbol __imp__IsProcessorFeaturePresent@4 referenced in function ___report_gsfailure
MSVCRTD.lib(utility_desktop.obj) : error LNK2001: unresolved external symbol __imp__IsProcessorFeaturePresent@4
MSVCRTD.lib(cpu_disp.obj) : error LNK2001: unresolved external symbol __imp__IsProcessorFeaturePresent@4
MSVCRTD.lib(error.obj) : error LNK2019: unresolved external symbol __imp__IsDebuggerPresent@0 referenced in function "void __cdecl failwithmessage(void *,int,int,char const *)" (?failwithmessage@@YAXPAXHHPBD@Z)
MSVCRTD.lib(utility_desktop.obj) : error LNK2001: unresolved external symbol __imp__IsDebuggerPresent@0
MSVCRTD.lib(error.obj) : error LNK2019: unresolved external symbol __imp__RaiseException@16 referenced in function "void __cdecl notify_debugger(struct tagEXCEPTION_VISUALCPP_DEBUG_INFO const &)" (?notify_debugger@@YAXABUtagEXCEPTION_VISUALCPP_DEBUG_INFO@@@Z)
MSVCRTD.lib(gs_support.obj) : error LNK2019: unresolved external symbol __imp__QueryPerformanceCounter@4 referenced in function ___get_entropy
MSVCRTD.lib(gs_support.obj) : error LNK2019: unresolved external symbol __imp__GetCurrentProcessId@0 referenced in function ___get_entropy
MSVCRTD.lib(gs_support.obj) : error LNK2019: unresolved external symbol __imp__GetSystemTimeAsFileTime@4 referenced in function ___get_entropy
MSVCRTD.lib(tncleanup.obj) : error LNK2019: unresolved external symbol __imp__InitializeSListHead@4 referenced in function "void __cdecl __scrt_initialize_type_info(void)" (?__scrt_initialize_type_info@@YAXXZ)
MSVCRTD.lib(utility_desktop.obj) : error LNK2019: unresolved external symbol __imp__GetStartupInfoW@4 referenced in function ___scrt_get_show_window_mode
MSVCRTD.lib(utility_desktop.obj) : error LNK2019: unresolved external symbol __imp__GetModuleHandleW@4 referenced in function ___scrt_is_managed_app
MSVCRTD.lib(pdblkup.obj) : error LNK2019: unresolved external symbol __imp__HeapAlloc@12 referenced in function "int __cdecl _RTC_GetSrcLine(unsigned char *,wchar_t *,unsigned long,int *,wchar_t *,unsigned long)" (?_RTC_GetSrcLine@@YAHPAEPA_WKPAH1K@Z)
MSVCRTD.lib(pdblkup.obj) : error LNK2019: unresolved external symbol __imp__HeapFree@12 referenced in function "int __cdecl _RTC_GetSrcLine(unsigned char *,wchar_t *,unsigned long,int *,wchar_t *,unsigned long)" (?_RTC_GetSrcLine@@YAHPAEPA_WKPAH1K@Z)
MSVCRTD.lib(pdblkup.obj) : error LNK2019: unresolved external symbol __imp__GetProcessHeap@0 referenced in function "int __cdecl _RTC_GetSrcLine(unsigned char *,wchar_t *,unsigned long,int *,wchar_t *,unsigned long)" (?_RTC_GetSrcLine@@YAHPAEPA_WKPAH1K@Z)
MSVCRTD.lib(pdblkup.obj) : error LNK2019: unresolved external symbol __imp__VirtualQuery@12 referenced in function "int __cdecl _RTC_GetSrcLine(unsigned char *,wchar_t *,unsigned long,int *,wchar_t *,unsigned long)" (?_RTC_GetSrcLine@@YAHPAEPA_WKPAH1K@Z)
C:\Users\vlad_\source\repos\curl-7.70.0\curl-7.70.0\lib\kernel32.lib : warning LNK4272: library machine type 'x64' conflicts with target machine type 'x86'
C:\Users\vlad_\source\repos\curl-7.70.0\curl-7.70.0\lib\comdlg32.lib : warning LNK4272: library machine type 'x64' conflicts with target machine type 'x86'
C:\Users\vlad_\source\repos\curl-7.70.0\curl-7.70.0\lib\advapi32.lib : warning LNK4272: library machine type 'x64' conflicts with target machine type 'x86'
C:\Users\vlad_\source\repos\curl-7.70.0\curl-7.70.0\lib\ws2_32.lib : warning LNK4272: library machine type 'x64' conflicts with target machine type 'x86'
C:\Users\vlad_\source\repos\curl-7.70.0\curl-7.70.0\lib\wldap32.lib : warning LNK4272: library machine type 'x64' conflicts with target machine type 'x86'
C:\Users\vlad_\source\repos\curl-7.70.0\curl-7.70.0\lib\crypt32.lib : warning LNK4272: library machine type 'x64' conflicts with target machine type 'x86'
C:\Users\vlad_\source\repos\curl-7.70.0\curl-7.70.0\lib\normaliz.lib : warning LNK4272: library machine type 'x64' conflicts with target machine type 'x86'
C:\Users\vlad_\source\repos\GameFinder\Debug\GameFinder.exe : fatal error LNK1120: 45 unresolved externals
